<?xml version="1.0" encoding="UTF-8"?>
<testsuite xmlns:xsi="http://www.w3.org/2001/XMLSchema-instance" xsi:noNamespaceSchemaLocation="https://maven.apache.org/surefire/maven-surefire-plugin/xsd/surefire-test-report.xsd" version="3.0.2" name="com.fetch_rewards.receipt_processor.ReceiptProcessorApplicationTests" time="7.11" tests="1" errors="0" skipped="0" failures="0">
  <properties>
[...]
</properties>
  <testcase name="contextLoads" classname="com.fetch_rewards.receipt_processor.ReceiptProcessorApplicationTests" time="1.54">
    <system-out><![CDATA[12:18:53.273 [main] INFO org.springframework.test.context.support.AnnotationConfigContextLoaderUtils -- Could not detect default configuration classes for test class [com.fetch_rewards.receipt_processor.ReceiptProcessorApplicationTests]: ReceiptProcessorApplicationTests does not declare any static, non-private, non-final, nested classes annotated with @Configuration.
12:18:53.429 [main] INFO org.springframework.boot.test.context.SpringBootTestContextBootstrapper -- Found @SpringBootConfiguration com.fetch_rewards.receipt_processor.ReceiptProcessorApplication for test class com.fetch_rewards.receipt_processor.ReceiptProcessorApplicationTests

  .   ____          _            __ _ _
 /\\ / ___'_ __ _ _(_)_ __  __ _ \ \ \ \
( ( )\___ | '_ | '_| | '_ \/ _` | \ \ \ \
 \\/  ___)| |_)| | | | | || (_| |  ) ) ) )
  '  |____| .__|_| |_|_| |_\__, | / / / /
 =========|_|==============|___/=/_/_/_/

 :: Spring Boot ::                (v3.4.2)

2025-02-08T12:18:54.090-05:00  INFO 28648 --- [receipt-processor] [           main] c.f.r.ReceiptProcessorApplicationTests   : Starting ReceiptProcessorApplicationTests using Java 23.0.2 with PID 28648 (started by erika in C:\java_projects\github\ultimate\receipt-processor)
2025-02-08T12:18:54.091-05:00  INFO 28648 --- [receipt-processor] [           main] c.f.r.ReceiptProcessorApplicationTests   : No active profile set, falling back to 1 default profile: "default"
2025-02-08T12:18:56.491-05:00  INFO 28648 --- [receipt-processor] [           main] o.s.v.b.OptionalValidatorFactoryBean     : Failed to set up a Bean Validation provider: jakarta.validation.NoProviderFoundException: Unable to create a Configuration, because no Jakarta Bean Validation provider could be found. Add a provider like Hibernate Validator (RI) to your classpath.
2025-02-08T12:18:58.209-05:00  INFO 28648 --- [receipt-processor] [           main] o.s.b.a.e.web.EndpointLinksResolver      : Exposing 1 endpoint beneath base path '/actuator'
2025-02-08T12:18:58.385-05:00  INFO 28648 --- [receipt-processor] [           main] c.f.r.ReceiptProcessorApplicationTests   : Started ReceiptProcessorApplicationTests in 4.735 seconds (process running for 6.395)
]]></system-out>
    <system-err><![CDATA[Mockito is currently self-attaching to enable the inline-mock-maker. This will no longer work in future releases of the JDK. Please add Mockito as an agent to your build what is described in Mockito's documentation: https://javadoc.io/doc/org.mockito/mockito-core/latest/org/mockito/Mockito.html#0.3
WARNING: A Java agent has been loaded dynamically (C:\Users\erika\.m2\repository\net\bytebuddy\byte-buddy-agent\1.15.11\byte-buddy-agent-1.15.11.jar)
WARNING: If a serviceability tool is in use, please run with -XX:+EnableDynamicAgentLoading to hide this warning
WARNING: If a serviceability tool is not in use, please run with -Djdk.instrument.traceUsage for more information
WARNING: Dynamic loading of agents will be disallowed by default in a future release
]]></system-err>
  </testcase>
</testsuite>